\BOOKMARK [0][]{chapter.1}{\376\377\0001\000\040\000I\000n\000d\000l\000e\000d\000n\000i\000n\000g}{}% 1
\BOOKMARK [0][]{chapter.2}{\376\377\0002\000\040\000N\000i\000v\000e\000a\000u\000\040\0001}{}% 2
\BOOKMARK [1][]{section*.3}{\376\377\000E\000v\000n\000e\000\040\000b\000e\000s\000k\000r\000i\000v\000e\000l\000s\000e}{chapter.2}% 3
\BOOKMARK [2][]{subsection*.4}{\376\377\000E\000k\000s\000t\000r\000a\000\040\000N\000K\000\040\000N\000i\000v\000.\000\040\0001}{section*.3}% 4
\BOOKMARK [2][]{subsection*.5}{\376\377\000S\000h\000a\000m\000a\000n\000m\000a\000g\000i\000\040\000N\000i\000v\000.\000\040\0001}{section*.3}% 5
\BOOKMARK [2][]{subsection*.6}{\376\377\000\305\000n\000d\000e\000r\000n\000e\000s\000\040\000v\000i\000s\000d\000o\000m}{section*.3}% 6
\BOOKMARK [2][]{subsection*.7}{\376\377\000\305\000n\000d\000e\000n\000s\000\040\000L\000\346\000r\000l\000i\000n\000g\000\040\000N\000i\000v\000.\000\040\0001}{section*.3}% 7
\BOOKMARK [0][]{chapter.3}{\376\377\0003\000\040\000N\000i\000v\000e\000a\000u\000\040\0002}{}% 8
\BOOKMARK [1][]{section*.9}{\376\377\000E\000v\000n\000e\000\040\000b\000e\000s\000k\000r\000i\000v\000e\000l\000s\000e}{chapter.3}% 9
\BOOKMARK [2][]{subsection*.10}{\376\377\000E\000k\000s\000t\000r\000a\000\040\000L\000P\000\040\000N\000i\000v\000.\000\040\0001}{section*.9}% 10
\BOOKMARK [2][]{subsection*.11}{\376\377\000S\000h\000a\000m\000a\000n\000m\000a\000g\000i\000\040\000N\000i\000v\000.\000\040\0002}{section*.9}% 11
\BOOKMARK [2][]{subsection*.12}{\376\377\000\305\000n\000d\000e\000\040\000r\000i\000t\000u\000a\000l\000i\000s\000t}{section*.9}% 12
\BOOKMARK [0][]{chapter.4}{\376\377\0004\000\040\000N\000i\000v\000e\000a\000u\000\040\0003}{}% 13
\BOOKMARK [1][]{section*.14}{\376\377\000E\000v\000n\000e\000\040\000b\000e\000s\000k\000r\000i\000v\000e\000l\000s\000e}{chapter.4}% 14
\BOOKMARK [2][]{subsection*.15}{\376\377\000L\000\346\000s\000e\000\040\000o\000g\000\040\000s\000k\000r\000i\000v\000e\000\040\000M\000a\000g\000i\000s\000k}{section*.14}% 15
\BOOKMARK [2][]{subsection*.17}{\376\377\000S\000h\000a\000m\000a\000n\000m\000a\000g\000i\000\040\000N\000i\000v\000.\000\040\0003}{section*.14}% 16
\BOOKMARK [2][]{subsection*.18}{\376\377\000\305\000n\000d\000e\000\040\000O\000f\000r\000i\000n\000g}{section*.14}% 17
\BOOKMARK [2][]{subsection*.19}{\376\377\000\305\000n\000d\000e\000n\000s\000\040\000L\000\346\000r\000l\000i\000n\000g\000\040\000N\000i\000v\000.\000\040\0002}{section*.14}% 18
\BOOKMARK [0][]{chapter.5}{\376\377\0005\000\040\000N\000i\000v\000e\000a\000u\000\040\0004}{}% 19
\BOOKMARK [1][]{section*.21}{\376\377\000E\000v\000n\000e\000\040\000b\000e\000s\000k\000r\000i\000v\000e\000l\000s\000e}{chapter.5}% 20
\BOOKMARK [2][]{subsection*.22}{\376\377\000E\000k\000s\000t\000r\000a\000\040\000N\000K\000\040\000N\000i\000v\000.\000\040\0002}{section*.21}% 21
\BOOKMARK [2][]{subsection*.23}{\376\377\000L\000\346\000s\000e\000\040\000o\000g\000\040\000s\000k\000r\000i\000v\000e\000\040\000H\000e\000l\000l\000i\000g}{section*.21}% 22
\BOOKMARK [2][]{subsection*.25}{\376\377\000S\000h\000a\000m\000a\000n\000m\000a\000g\000i\000\040\000N\000i\000v\000.\000\040\0004}{section*.21}% 23
\BOOKMARK [2][]{subsection*.26}{\376\377\000T\000o\000t\000e\000m\000\040\000M\000e\000s\000t\000e\000r}{section*.21}% 24
\BOOKMARK [2][]{subsection*.27}{\376\377\000\305\000n\000d\000e\000n\000s\000\040\000M\000e\000s\000t\000e\000r}{section*.21}% 25
\BOOKMARK [0][]{chapter.6}{\376\377\0006\000\040\000M\000a\000g\000i}{}% 26
\BOOKMARK [1][]{section*.28}{\376\377\000G\000e\000n\000e\000r\000e\000l\000l\000e\000\040\000r\000e\000g\000l\000e\000r\000\040\000o\000m\000\040\000M\000a\000g\000i}{chapter.6}% 27
\BOOKMARK [2][]{subsection*.29}{\376\377\000M\000a\000g\000i\000e\000n\000s\000\040\000e\000l\000v\000e\000\040\000b\000u\000d}{section*.28}% 28
\BOOKMARK [2][]{subsection*.30}{\376\377\000A\000t\000\040\000k\000a\000s\000t\000e\000\040\000m\000a\000g\000i}{section*.28}% 29
\BOOKMARK [1][]{section*.31}{\376\377\000A\000t\000\040\000k\000a\000s\000t\000e\000\040\000m\000a\000g\000i\000\040\000s\000o\000m\000\040\000S\000h\000a\000m\000a\000n}{chapter.6}% 30
\BOOKMARK [2][]{subsection*.33}{\376\377\000T\000o\000t\000e\000m}{section*.31}% 31
\BOOKMARK [1][]{section*.34}{\376\377\000M\000a\000g\000i\000s\000k\000e\000\040\000s\000t\000i\000e\000r}{chapter.6}% 32
\BOOKMARK [1][]{section*.35}{\376\377\000T\000o\000t\000e\000m\000\040\000M\000a\000g\000i}{chapter.6}% 33
\BOOKMARK [2][]{subsection*.37}{\376\377\000O\000p\000h\000\370\000j\000e\000t\000\040\000S\000i\000n\000d}{section*.35}% 34
\BOOKMARK [2][]{subsection*.38}{\376\377\000D\000e\000\040\000G\000l\000e\000m\000t\000e\000s\000\040\000A\000r\000v}{section*.35}% 35
\BOOKMARK [2][]{subsection*.39}{\376\377\000\305\000n\000d\000e\000r\000n\000e\000s\000\040\000g\000a\000v\000e}{section*.35}% 36
\BOOKMARK [2][]{subsection*.40}{\376\377\000R\000i\000t\000u\000a\000l}{section*.35}% 37
\BOOKMARK [0][]{chapter.7}{\376\377\0007\000\040\000G\000e\000n\000e\000r\000e\000l\000l\000e\000\040\000e\000v\000n\000e\000r}{}% 38
\BOOKMARK [1][]{section*.43}{\376\377\000E\000v\000n\000e\000\040\000b\000e\000s\000k\000r\000i\000v\000e\000l\000s\000e}{chapter.7}% 39
\BOOKMARK [2][]{subsection*.44}{\376\377\0006\000.\000\040\000s\000a\000n\000s\000\040\000N\000i\000v\000.\000\040\0001}{section*.43}% 40
\BOOKMARK [2][]{subsection*.45}{\376\377\0006\000.\000\040\000s\000a\000n\000s\000\040\000N\000i\000v\000.\000\040\0002}{section*.43}% 41
\BOOKMARK [2][]{subsection*.46}{\376\377\000B\000o\000n\000k}{section*.43}% 42
\BOOKMARK [2][]{subsection*.47}{\376\377\000B\000\346\000r\000e\000\040\000p\000e\000r\000s\000o\000n}{section*.43}% 43
\BOOKMARK [2][]{subsection*.48}{\376\377\000F\000\370\000r\000s\000t\000e\000h\000j\000\346\000l\000p}{section*.43}% 44
\BOOKMARK [2][]{subsection*.49}{\376\377\000L\000a\000v\000e\000\040\000A\000r\000t\000e\000f\000a\000k\000t\000e\000r}{section*.43}% 45
\BOOKMARK [2][]{subsection*.50}{\376\377\000L\000\346\000s\000e\000\040\000o\000g\000\040\000s\000k\000r\000i\000v\000e}{section*.43}% 46
\BOOKMARK [2][]{subsection*.51}{\376\377\000M\000i\000n\000e\000a\000r\000b\000e\000j\000d\000e\000r}{section*.43}% 47
\BOOKMARK [2][]{subsection*.52}{\376\377\000P\000\345\000f\000\370\000r\000\040\000g\000i\000f\000t}{section*.43}% 48
\BOOKMARK [2][]{subsection*.53}{\376\377\000S\000l\000a\000g\000s\000b\000r\000o\000r\000\040\000N\000i\000v\000.\000\040\0001}{section*.43}% 49
\BOOKMARK [2][]{subsection*.54}{\376\377\000S\000l\000a\000g\000s\000b\000r\000o\000r\000\040\000N\000i\000v\000.\000\040\0002}{section*.43}% 50
\BOOKMARK [2][]{subsection*.55}{\376\377\000S\000l\000a\000g\000s\000b\000r\000o\000r\000\040\000N\000i\000v\000.\000\040\0002}{section*.43}% 51
\BOOKMARK [2][]{subsection*.56}{\376\377\000S\000p\000e\000c\000i\000a\000l\000e}{section*.43}% 52
\BOOKMARK [2][]{subsection*.57}{\376\377\000U\000n\000i\000v\000e\000r\000s\000e\000t\000s\000\040\000C\000e\000n\000t\000r\000u\000m}{section*.43}% 53
\BOOKMARK [2][]{subsection*.58}{\376\377\000U\000r\000t\000e\000s\000a\000m\000l\000e\000r}{section*.43}% 54
